üîç Discovering TypeScript conformance tests...
üìä Found 5897 test files

üöÄ Running tests in parallel...

================================================================================
üìà TEST RESULTS SUMMARY
================================================================================
Total tests:  5897
‚úÖ Passed:     3586 (60.81%)
‚ùå Failed:     2311 (39.19%)
================================================================================
‚è±Ô∏è  Timeouts:   1

üìã FAILURES BY CATEGORY:
================================================================================
jsx: 87 failures
externalModules: 76 failures
node: 69 failures
statements/VariableStatements/usingDeclarations: 58 failures
externalModules/typeOnly: 55 failures
jsdoc: 54 failures
jsdoc/declarations: 51 failures
salsa: 50 failures
es6/computedProperties: 49 failures
classes/members/privateNames: 36 failures
es6/Symbols: 35 failures
moduleResolution: 35 failures
es6/templates: 34 failures
types/typeRelationships/assignmentCompatibility: 34 failures
esDecorators/classDeclaration: 30 failures
parser/ecmascript5/Generics: 29 failures
types/literal: 29 failures
types/typeRelationships/typeInference: 29 failures
types/typeRelationships/typeAndMemberIdentity: 28 failures
es6/destructuring: 27 failures

üîç SAMPLE FAILURES (first 50):
================================================================================

1. tests/TypeScript/tests/cases/conformance/additionalChecks/noPropertyAccessFromIndexSignature1.ts (2.084606ms)
   Error: RequiredTokenNotFound(BracketClose) [token=Some(Colon)] around loc [168:169]

2. tests/TypeScript/tests/cases/conformance/ambient/ambientDeclarationsExternal.ts (2.940184ms)
   Error: ExpectedSyntax("expression operator") [token=Some(Semicolon)] around loc [126:127]

3. tests/TypeScript/tests/cases/conformance/ambient/ambientDeclarationsPatterns_merging3.ts (4.814147ms)
   Error: RequiredTokenNotFound(KeywordInterface) [token=Some(KeywordExport)] around loc [52:58]

4. tests/TypeScript/tests/cases/conformance/ambient/ambientErrors.ts (2.989521ms)
   Error: ExpectedSyntax("expression operator") [token=Some(Semicolon)] around loc [1473:1474]

5. tests/TypeScript/tests/cases/conformance/ambient/ambientModuleDeclarationWithReservedIdentifierInDottedPath.ts (3.730596ms)
   Error: RequiredTokenNotFound(KeywordModule) [token=Some(KeywordDebugger)] around loc [104:112]

6. tests/TypeScript/tests/cases/conformance/ambient/ambientModuleDeclarationWithReservedIdentifierInDottedPath2.ts (3.408337ms)
   Error: RequiredTokenNotFound(KeywordModule) [token=Some(KeywordDebugger)] around loc [48:56]

7. tests/TypeScript/tests/cases/conformance/async/es2017/asyncArrowFunction/arrowFunctionWithParameterNameAsync_es2017.ts (3.333517ms)
   Error: RequiredTokenNotFound(ParenthesisOpen) [token=Some(EqualsChevronRight)] around loc [60:62]

8. tests/TypeScript/tests/cases/conformance/async/es2017/asyncArrowFunction/asyncArrowFunction9_es2017.ts (3.26631ms)
   Error: RequiredTokenNotFound(ParenthesisOpen) [token=Some(KeywordAwait)] around loc [64:69]

9. tests/TypeScript/tests/cases/conformance/async/es2017/await_incorrectThisType.ts (2.469957ms)
   Error: RequiredTokenNotFound(Identifier) [token=Some(Comma)] around loc [283:284]

10. tests/TypeScript/tests/cases/conformance/async/es2017/functionDeclarations/asyncFunctionDeclaration10_es2017.ts (2.349278ms)
   Error: ExpectedSyntax("expression operand") [token=Some(EqualsChevronRight)] around loc [72:74]

11. tests/TypeScript/tests/cases/conformance/async/es2017/functionDeclarations/asyncFunctionDeclaration5_es2017.ts (1.755028ms)
   Error: ExpectedSyntax("pattern") [token=Some(KeywordAwait)] around loc [62:67]

12. tests/TypeScript/tests/cases/conformance/async/es5/asyncArrowFunction/arrowFunctionWithParameterNameAsync_es5.ts (2.285749ms)
   Error: RequiredTokenNotFound(ParenthesisOpen) [token=Some(EqualsChevronRight)] around loc [89:91]

13. tests/TypeScript/tests/cases/conformance/async/es5/asyncArrowFunction/asyncArrowFunction9_es5.ts (2.499273ms)
   Error: RequiredTokenNotFound(ParenthesisOpen) [token=Some(KeywordAwait)] around loc [89:94]

14. tests/TypeScript/tests/cases/conformance/async/es5/asyncClass_es5.ts (5.69607ms)
   Error: ExpectedSyntax("expression operator") [token=Some(KeywordClass)] around loc [74:79]

15. tests/TypeScript/tests/cases/conformance/async/es5/asyncEnum_es5.ts (3.513827ms)
   Error: ExpectedSyntax("expression operator") [token=Some(KeywordEnum)] around loc [74:78]

16. tests/TypeScript/tests/cases/conformance/async/es5/asyncImportedPromise_es5.ts (4.194339ms)
   Error: ExpectedSyntax("expression operator") [token=Some(KeywordImport)] around loc [161:167]

17. tests/TypeScript/tests/cases/conformance/async/es5/asyncInterface_es5.ts (3.40537ms)
   Error: ExpectedSyntax("expression operator") [token=Some(KeywordInterface)] around loc [74:83]

18. tests/TypeScript/tests/cases/conformance/async/es5/asyncModule_es5.ts (3.122987ms)
   Error: ExpectedSyntax("expression operator") [token=Some(KeywordNamespace)] around loc [74:83]

19. tests/TypeScript/tests/cases/conformance/async/es5/asyncQualifiedReturnType_es5.ts (3.212573ms)
   Error: ExpectedSyntax("expression operator") [token=Some(BraceClose)] around loc [145:146]

20. tests/TypeScript/tests/cases/conformance/async/es5/functionDeclarations/asyncFunctionDeclaration10_es5.ts (2.963244ms)
   Error: ExpectedSyntax("expression operand") [token=Some(EqualsChevronRight)] around loc [97:99]

21. tests/TypeScript/tests/cases/conformance/async/es5/functionDeclarations/asyncFunctionDeclaration5_es5.ts (2.564808ms)
   Error: ExpectedSyntax("pattern") [token=Some(KeywordAwait)] around loc [87:92]

22. tests/TypeScript/tests/cases/conformance/async/es6/asyncArrowFunction/arrowFunctionWithParameterNameAsync_es6.ts (3.19976ms)
   Error: RequiredTokenNotFound(ParenthesisOpen) [token=Some(EqualsChevronRight)] around loc [60:62]

23. tests/TypeScript/tests/cases/conformance/async/es6/asyncArrowFunction/asyncArrowFunction9_es6.ts (1.736542ms)
   Error: RequiredTokenNotFound(ParenthesisOpen) [token=Some(KeywordAwait)] around loc [61:66]

24. tests/TypeScript/tests/cases/conformance/async/es6/asyncClass_es6.ts (3.096996ms)
   Error: ExpectedSyntax("expression operator") [token=Some(KeywordClass)] around loc [46:51]

25. tests/TypeScript/tests/cases/conformance/async/es6/asyncEnum_es6.ts (1.749033ms)
   Error: ExpectedSyntax("expression operator") [token=Some(KeywordEnum)] around loc [46:50]

26. tests/TypeScript/tests/cases/conformance/async/es6/asyncImportedPromise_es6.ts (1.707299ms)
   Error: ExpectedSyntax("expression operator") [token=Some(KeywordImport)] around loc [132:138]

27. tests/TypeScript/tests/cases/conformance/async/es6/asyncInterface_es6.ts (2.540019ms)
   Error: ExpectedSyntax("expression operator") [token=Some(KeywordInterface)] around loc [46:55]

28. tests/TypeScript/tests/cases/conformance/async/es6/asyncMethodWithSuper_es6.ts (4.346633ms)
   Error: RequiredTokenNotFound(ParenthesisClose) [token=Some(Colon)] around loc [4646:4647]

29. tests/TypeScript/tests/cases/conformance/async/es6/asyncModule_es6.ts (3.598563ms)
   Error: ExpectedSyntax("expression operator") [token=Some(KeywordNamespace)] around loc [46:55]

30. tests/TypeScript/tests/cases/conformance/async/es6/asyncQualifiedReturnType_es6.ts (2.744147ms)
   Error: ExpectedSyntax("expression operator") [token=Some(BraceClose)] around loc [116:117]

31. tests/TypeScript/tests/cases/conformance/async/es6/functionDeclarations/asyncFunctionDeclaration10_es6.ts (4.170398ms)
   Error: ExpectedSyntax("expression operand") [token=Some(EqualsChevronRight)] around loc [69:71]

32. tests/TypeScript/tests/cases/conformance/async/es6/functionDeclarations/asyncFunctionDeclaration5_es6.ts (4.047665ms)
   Error: ExpectedSyntax("pattern") [token=Some(KeywordAwait)] around loc [59:64]

33. tests/TypeScript/tests/cases/conformance/async/es6/functionDeclarations/asyncOrYieldAsBindingIdentifier1.ts (2.817871ms)
   Error: ExpectedSyntax("expression operator") [token=Some(KeywordAwait)] around loc [199:204]

34. tests/TypeScript/tests/cases/conformance/classes/classDeclarations/classAbstractKeyword/classAbstractAccessor.ts (4.346992ms)
   Error: RequiredTokenNotFound(ParenthesisClose) [token=Some(Colon)] around loc [125:126]

35. tests/TypeScript/tests/cases/conformance/classes/classDeclarations/classAbstractKeyword/classAbstractCrashedOnce.ts (2.811695ms)
   Error: ExpectedSyntax("member access property") [token=Some(BraceClose)] around loc [117:118]

36. tests/TypeScript/tests/cases/conformance/classes/classDeclarations/classAbstractKeyword/classAbstractGeneric.ts (3.139457ms)
   Error: ExpectedSyntax("expression operator") [token=Some(KeywordClass)] around loc [133:138]

37. tests/TypeScript/tests/cases/conformance/classes/classDeclarations/classAbstractKeyword/classAbstractImportInstantiation.ts (2.524124ms)
   Error: ExpectedSyntax("exportable") [token=Some(KeywordExport)] around loc [19:25]

38. tests/TypeScript/tests/cases/conformance/classes/classDeclarations/classAbstractKeyword/classAbstractInAModule.ts (2.771892ms)
   Error: ExpectedSyntax("exportable") [token=Some(KeywordExport)] around loc [19:25]

39. tests/TypeScript/tests/cases/conformance/classes/classDeclarations/classAbstractKeyword/classAbstractInstantiations2.ts (2.14776ms)
   Error: RequiredTokenNotFound(BraceOpen) [token=Some(Semicolon)] around loc [1018:1019]

40. tests/TypeScript/tests/cases/conformance/classes/classDeclarations/classAbstractKeyword/classAbstractManyKeywords.ts (3.030035ms)
   Error: ExpectedSyntax("expression operator") [token=Some(KeywordClass)] around loc [24:29]

41. tests/TypeScript/tests/cases/conformance/classes/classDeclarations/classAbstractKeyword/classAbstractMixedWithModifiers.ts (2.968928ms)
   Error: RequiredTokenNotFound(BraceOpen) [token=Some(Semicolon)] around loc [169:170]

42. tests/TypeScript/tests/cases/conformance/classes/classDeclarations/classAbstractKeyword/classAbstractOverloads.ts (1.918642ms)
   Error: RequiredTokenNotFound(BraceOpen) [token=Some(Semicolon)] around loc [128:129]

43. tests/TypeScript/tests/cases/conformance/classes/classDeclarations/classAbstractKeyword/classAbstractWithInterface.ts (2.37282ms)
   Error: ExpectedSyntax("expression operator") [token=Some(KeywordInterface)] around loc [9:18]

44. tests/TypeScript/tests/cases/conformance/classes/classDeclarations/classAndInterfaceMerge.d.ts (2.781779ms)
   Error: RequiredTokenNotFound(KeywordInterface) [token=Some(KeywordExport)] around loc [256:262]

45. tests/TypeScript/tests/cases/conformance/classes/classDeclarations/classBody/classBodyWithStatements.ts (2.662845ms)
   Error: ExpectedSyntax("keyword or identifier") [token=Some(Equals)] around loc [122:123]

46. tests/TypeScript/tests/cases/conformance/classes/classDeclarations/classExtendingBuiltinType.ts (3.191077ms)
   Error: ExpectedSyntax("expression operator") [token=Some(EOF)] around loc [297:297]

47. tests/TypeScript/tests/cases/conformance/classes/classDeclarations/classExtendingClassLikeType.ts (2.817775ms)
   Error: ExpectedSyntax("expression operator") [token=Some(KeywordInterface)] around loc [137:146]

48. tests/TypeScript/tests/cases/conformance/classes/classDeclarations/classHeritageSpecification/classExtendingClass.ts (2.213043ms)
   Error: ExpectedSyntax("keyword or identifier") [token=Some(ChevronLeft)] around loc [272:273]

49. tests/TypeScript/tests/cases/conformance/classes/classDeclarations/classHeritageSpecification/classExtendingOptionalChain.ts (2.323758ms)
   Error: RequiredTokenNotFound(BraceOpen) [token=Some(QuestionDot)] around loc [109:111]

50. tests/TypeScript/tests/cases/conformance/classes/classDeclarations/classHeritageSpecification/classExtendingPrimitive.ts (2.82444ms)
   Error: ExpectedSyntax("expression operator") [token=Some(KeywordClass)] around loc [181:186]

üìù Detailed failure report written to: typescript_conformance_failures.txt


